<?xml version="1.0" encoding="UTF-8"?>
<testsuites>
  <testsuite name="fastlane.lanes">
    
    
    
      
      <testcase classname="fastlane.lanes" name="0: default_platform" time="0.000349">
        
      </testcase>
    
      
      <testcase classname="fastlane.lanes" name="1: assembleRelease" time="0.915785">
        
          <failure message="/usr/local/Cellar/fastlane/2.210.1/libexec/gems/fastlane-2.211.0/fastlane/lib/fastlane/actions/actions_helper.rb:67:in `execute_action&apos;&#10;/usr/local/Cellar/fastlane/2.210.1/libexec/gems/fastlane-2.211.0/fastlane/lib/fastlane/runner.rb:255:in `block in execute_action&apos;&#10;/usr/local/Cellar/fastlane/2.210.1/libexec/gems/fastlane-2.211.0/fastlane/lib/fastlane/runner.rb:229:in `chdir&apos;&#10;/usr/local/Cellar/fastlane/2.210.1/libexec/gems/fastlane-2.211.0/fastlane/lib/fastlane/runner.rb:229:in `execute_action&apos;&#10;/usr/local/Cellar/fastlane/2.210.1/libexec/gems/fastlane-2.211.0/fastlane/lib/fastlane/runner.rb:157:in `trigger_action_by_name&apos;&#10;/usr/local/Cellar/fastlane/2.210.1/libexec/gems/fastlane-2.211.0/fastlane/lib/fastlane/fast_file.rb:159:in `method_missing&apos;&#10;Fastfile:20:in `block (2 levels) in parsing_binding&apos;&#10;/usr/local/Cellar/fastlane/2.210.1/libexec/gems/fastlane-2.211.0/fastlane/lib/fastlane/lane.rb:33:in `call&apos;&#10;/usr/local/Cellar/fastlane/2.210.1/libexec/gems/fastlane-2.211.0/fastlane/lib/fastlane/runner.rb:49:in `block in execute&apos;&#10;/usr/local/Cellar/fastlane/2.210.1/libexec/gems/fastlane-2.211.0/fastlane/lib/fastlane/runner.rb:45:in `chdir&apos;&#10;/usr/local/Cellar/fastlane/2.210.1/libexec/gems/fastlane-2.211.0/fastlane/lib/fastlane/runner.rb:45:in `execute&apos;&#10;/usr/local/Cellar/fastlane/2.210.1/libexec/gems/fastlane-2.211.0/fastlane/lib/fastlane/lane_manager.rb:47:in `cruise_lane&apos;&#10;/usr/local/Cellar/fastlane/2.210.1/libexec/gems/fastlane-2.211.0/fastlane/lib/fastlane/command_line_handler.rb:36:in `handle&apos;&#10;/usr/local/Cellar/fastlane/2.210.1/libexec/gems/fastlane-2.211.0/fastlane/lib/fastlane/commands_generator.rb:110:in `block (2 levels) in run&apos;&#10;/usr/local/Cellar/fastlane/2.210.1/libexec/gems/commander-4.6.0/lib/commander/command.rb:187:in `call&apos;&#10;/usr/local/Cellar/fastlane/2.210.1/libexec/gems/commander-4.6.0/lib/commander/command.rb:157:in `run&apos;&#10;/usr/local/Cellar/fastlane/2.210.1/libexec/gems/commander-4.6.0/lib/commander/runner.rb:444:in `run_active_command&apos;&#10;/usr/local/Cellar/fastlane/2.210.1/libexec/gems/fastlane-2.211.0/fastlane_core/lib/fastlane_core/ui/fastlane_runner.rb:124:in `run!&apos;&#10;/usr/local/Cellar/fastlane/2.210.1/libexec/gems/commander-4.6.0/lib/commander/delegates.rb:18:in `run!&apos;&#10;/usr/local/Cellar/fastlane/2.210.1/libexec/gems/fastlane-2.211.0/fastlane/lib/fastlane/commands_generator.rb:354:in `run&apos;&#10;/usr/local/Cellar/fastlane/2.210.1/libexec/gems/fastlane-2.211.0/fastlane/lib/fastlane/commands_generator.rb:43:in `start&apos;&#10;/usr/local/Cellar/fastlane/2.210.1/libexec/gems/fastlane-2.211.0/fastlane/lib/fastlane/cli_tools_distributor.rb:123:in `take_off&apos;&#10;/usr/local/Cellar/fastlane/2.210.1/libexec/gems/fastlane-2.211.0/bin/fastlane:23:in `&lt;top (required)&gt;&apos;&#10;/usr/local/Cellar/fastlane/2.210.1/libexec/bin/fastlane:25:in `load&apos;&#10;/usr/local/Cellar/fastlane/2.210.1/libexec/bin/fastlane:25:in `&lt;main&gt;&apos;&#10;&#10;Exit status of command &apos;/Users/tony/Documents/wc-bet/phdv_bet/android/gradlew assembleRelease -p .&apos; was 1 instead of 0.&#10;Downloading https://services.gradle.org/distributions/gradle-6.7-all.zip&#10;&#10;Exception in thread &quot;main&quot; javax.net.ssl.SSLHandshakeException: sun.security.validator.ValidatorException: PKIX path building failed: sun.security.provider.certpath.SunCertPathBuilderException: unable to find valid certification path to requested target&#10;	at sun.security.ssl.Alert.createSSLException(Alert.java:131)&#10;	at sun.security.ssl.TransportContext.fatal(TransportContext.java:370)&#10;	at sun.security.ssl.TransportContext.fatal(TransportContext.java:313)&#10;	at sun.security.ssl.TransportContext.fatal(TransportContext.java:308)&#10;	at sun.security.ssl.CertificateMessage$T12CertificateConsumer.checkServerCerts(CertificateMessage.java:652)&#10;	at sun.security.ssl.CertificateMessage$T12CertificateConsumer.onCertificate(CertificateMessage.java:471)&#10;	at sun.security.ssl.CertificateMessage$T12CertificateConsumer.consume(CertificateMessage.java:367)&#10;	at sun.security.ssl.SSLHandshake.consume(SSLHandshake.java:376)&#10;	at sun.security.ssl.HandshakeContext.dispatch(HandshakeContext.java:479)&#10;	at sun.security.ssl.HandshakeContext.dispatch(HandshakeContext.java:457)&#10;	at sun.security.ssl.TransportContext.dispatch(TransportContext.java:200)&#10;	at sun.security.ssl.SSLTransport.decode(SSLTransport.java:154)&#10;	at sun.security.ssl.SSLSocketImpl.decode(SSLSocketImpl.java:1290)&#10;	at sun.security.ssl.SSLSocketImpl.readHandshakeRecord(SSLSocketImpl.java:1199)&#10;	at sun.security.ssl.SSLSocketImpl.startHandshake(SSLSocketImpl.java:401)&#10;	at sun.security.ssl.SSLSocketImpl.startHandshake(SSLSocketImpl.java:373)&#10;	at sun.net.www.protocol.https.HttpsClient.afterConnect(HttpsClient.java:587)&#10;	at sun.net.www.protocol.https.AbstractDelegateHttpsURLConnection.connect(AbstractDelegateHttpsURLConnection.java:197)&#10;	at sun.net.www.protocol.http.HttpURLConnection.getInputStream0(HttpURLConnection.java:1570)&#10;	at sun.net.www.protocol.http.HttpURLConnection.getInputStream(HttpURLConnection.java:1498)&#10;	at sun.net.www.protocol.https.HttpsURLConnectionImpl.getInputStream(HttpsURLConnectionImpl.java:268)&#10;	at org.gradle.wrapper.Download.downloadInternal(Download.java:58)&#10;	at org.gradle.wrapper.Download.download(Download.java:44)&#10;	at org.gradle.wrapper.Install$1.call(Install.java:61)&#10;	at org.gradle.wrapper.Install$1.call(Install.java:48)&#10;	at org.gradle.wrapper.ExclusiveFileAccessManager.access(ExclusiveFileAccessManager.java:65)&#10;	at org.gradle.wrapper.Install.createDist(Install.java:48)&#10;	at org.gradle.wrapper.WrapperExecutor.execute(WrapperExecutor.java:128)&#10;	at org.gradle.wrapper.GradleWrapperMain.main(GradleWrapperMain.java:61)&#10;Caused by: sun.security.validator.ValidatorException: PKIX path building failed: sun.security.provider.certpath.SunCertPathBuilderException: unable to find valid certification path to requested target&#10;	at sun.security.validator.PKIXValidator.doBuild(PKIXValidator.java:439)&#10;	at sun.security.validator.PKIXValidator.engineValidate(PKIXValidator.java:306)&#10;	at sun.security.validator.Validator.validate(Validator.java:271)&#10;	at sun.security.ssl.X509TrustManagerImpl.validate(X509TrustManagerImpl.java:312)&#10;	at sun.security.ssl.X509TrustManagerImpl.checkTrusted(X509TrustManagerImpl.java:221)&#10;	at sun.security.ssl.X509TrustManagerImpl.checkServerTrusted(X509TrustManagerImpl.java:128)&#10;	at sun.security.ssl.CertificateMessage$T12CertificateConsumer.checkServerCerts(CertificateMessage.java:636)&#10;	... 24 more&#10;Caused by: sun.security.provider.certpath.SunCertPathBuilderException: unable to find valid certification path to requested target&#10;	at sun.security.provider.certpath.SunCertPathBuilder.build(SunCertPathBuilder.java:141)&#10;	at sun.security.provider.certpath.SunCertPathBuilder.engineBuild(SunCertPathBuilder.java:126)&#10;	at java.security.cert.CertPathBuilder.build(CertPathBuilder.java:280)&#10;	at sun.security.validator.PKIXValidator.doBuild(PKIXValidator.java:434)&#10;	... 30 more&#10;" />
        
      </testcase>
    
  </testsuite>
</testsuites>
